<?xml version="1.0" encoding="UTF-8"?>
<!-- Generated by org.testng.reporters.JUnitReportReporter -->
<testsuite hostname="EPINPUNW011C" failures="0" tests="1" name="RestAPITestCases.AddPlaceTestCase" time="2.293" errors="0" timestamp="2023-05-23T19:59:34 IST" skipped="0">
  <testcase classname="RestAPITestCases.AddPlaceTestCase" name="addPlace" time="2.293"/>
  <system-out/>
</testsuite> <!-- RestAPITestCases.AddPlaceTestCase -->
