<?xml version="1.0" encoding="UTF-8"?>
<!-- Generated by org.testng.reporters.JUnitReportReporter -->
<testsuite skipped="0" hostname="EPINPUNW011C" name="DesignPatterns.FactoryPattern.FactoryDesignTestCaseOne" tests="3" failures="0" timestamp="2023-05-16T15:54:20 IST" time="4.418" errors="0">
  <testcase name="verifyBStackDemoLogo" time="0.946" classname="DesignPatterns.FactoryPattern.FactoryDesignTestCaseOne"/>
  <system-out/>
  <testcase name="verifyBStackDemoAddToCart" time="3.018" classname="DesignPatterns.FactoryPattern.FactoryDesignTestCaseOne"/>
  <system-out/>
  <testcase name="verifyBStackDemoTitle" time="0.454" classname="DesignPatterns.FactoryPattern.FactoryDesignTestCaseOne"/>
  <system-out/>
</testsuite> <!-- DesignPatterns.FactoryPattern.FactoryDesignTestCaseOne -->
