<?xml version="1.0" encoding="UTF-8"?>
<!-- Generated by org.testng.reporters.JUnitReportReporter -->
<testsuite hostname="EPINPUNW011C" failures="0" tests="1" name="DesignPatterns.BuilderPattern.TestUserAPI" time="2.332" errors="0" timestamp="2023-05-22T13:19:16 IST" skipped="0">
  <testcase classname="DesignPatterns.BuilderPattern.TestUserAPI" name="testUserAPI" time="2.332"/>
  <system-out/>
</testsuite> <!-- DesignPatterns.BuilderPattern.TestUserAPI -->
