<?xml version="1.0" encoding="UTF-8"?>
<!-- Generated by org.testng.reporters.JUnitReportReporter -->
<testsuite hostname="EPINPUNW011C" failures="0" tests="1" name="RestAPITestCases.TestCaseOne" time="4.518" errors="0" timestamp="2023-05-22T18:41:29 IST" skipped="0">
  <testcase classname="RestAPITestCases.TestCaseOne" name="petDetails" time="4.518"/>
  <system-out/>
</testsuite> <!-- RestAPITestCases.TestCaseOne -->
