<?xml version="1.0" encoding="UTF-8"?>
<!-- Generated by org.testng.reporters.JUnitReportReporter -->
<testsuite hostname="EPINPUNW011C" failures="0" tests="1" name="RestAPITestCases.TestCaseTwo" time="1.994" errors="0" timestamp="2023-05-23T12:46:29 IST" skipped="0">
  <testcase classname="RestAPITestCases.TestCaseTwo" name="updatePosts" time="1.994"/>
  <system-out/>
</testsuite> <!-- RestAPITestCases.TestCaseTwo -->
